<?xml version="1.0" encoding="UTF-8"?>
<!-- Generated by org.testng.reporters.JUnitReportReporter -->
<testsuite hostname="DESKTOP-H0QBEHU" failures="0" tests="3" name="tutorialsNinja.TestCases.SearchProduct" time="10.017" errors="0" timestamp="2024-04-24T15:10:58 CDT" skipped="0">
  <testcase classname="tutorialsNinja.TestCases.SearchProduct" name="verifySearchValidProduct" time="3.421"/>
  <testcase classname="tutorialsNinja.TestCases.SearchProduct" name="verifySearchInvalidProduct" time="3.354"/>
  <testcase classname="tutorialsNinja.TestCases.SearchProduct" name="verifySearchNoProduct" time="3.242"/>
</testsuite> <!-- tutorialsNinja.TestCases.SearchProduct -->
